<?xml version="1.0" encoding="UTF-8"?>
<!-- Generated by org.testng.reporters.JUnitReportReporter -->
<testsuite hostname="VIJAYAKUMAR" failures="0" tests="3" name="ApiTestCases.SampleTestCases" time="3.480" errors="0" timestamp="2024-05-16T03:21:26 BST" skipped="0">
  <testcase classname="ApiTestCases.SampleTestCases" name="testDeleteRequest" time="2.292"/>
  <system-out/>
  <testcase classname="ApiTestCases.SampleTestCases" name="testGetRequest" time="0.363"/>
  <system-out/>
  <testcase classname="ApiTestCases.SampleTestCases" name="testPOSTRequest" time="0.825"/>
  <system-out/>
</testsuite> <!-- ApiTestCases.SampleTestCases -->
