<?xml version="1.0" encoding="UTF-8"?>
<!-- Generated by org.testng.reporters.JUnitReportReporter -->
<testsuite hostname="VIJAYAKUMAR" failures="0" tests="4" name="apiTestCases.SampleTestCases" time="6.561" errors="0" timestamp="2024-06-16T02:25:47 BST" skipped="0">
  <testcase classname="apiTestCases.SampleTestCases" name="testGetRequest" time="2.382"/>
  <system-out/>
  <testcase classname="apiTestCases.SampleTestCases" name="testPOSTRequest" time="1.250"/>
  <system-out/>
  <testcase classname="apiTestCases.SampleTestCases" name="testUpdateUser" time="1.319"/>
  <system-out/>
  <testcase classname="apiTestCases.SampleTestCases" name="testDeleteRequest" time="1.610"/>
  <system-out/>
</testsuite> <!-- apiTestCases.SampleTestCases -->
