<?xml version="1.0" encoding="UTF-8"?>
<!-- Generated by org.testng.reporters.JUnitReportReporter -->
<testsuite hostname="VIJAYAKUMAR" failures="0" tests="4" name="apiTestCases.SampleTestCases" time="6.797" errors="0" timestamp="2024-06-11T13:10:12 BST" skipped="0">
  <testcase classname="apiTestCases.SampleTestCases" name="testUpdateUser" time="1.512"/>
  <system-out/>
  <testcase classname="apiTestCases.SampleTestCases" name="testGetRequest" time="0.672"/>
  <system-out/>
  <testcase classname="apiTestCases.SampleTestCases" name="testDeleteRequest" time="3.901"/>
  <system-out/>
  <testcase classname="apiTestCases.SampleTestCases" name="testPOSTRequest" time="0.712"/>
  <system-out/>
</testsuite> <!-- apiTestCases.SampleTestCases -->
