<?xml version="1.0" encoding="UTF-8"?>
<!-- Generated by org.testng.reporters.JUnitReportReporter -->
<testsuite hostname="VIJAYAKUMAR" failures="0" tests="1" name="testcases.SampleTestCases" time="1.438" errors="0" timestamp="2024-06-11T22:37:02 BST" skipped="0">
  <testcase classname="testcases.SampleTestCases" name="verifySetup" time="1.438"/>
  <system-out/>
</testsuite> <!-- testcases.SampleTestCases -->
