<?xml version="1.0" encoding="UTF-8"?>
<!-- Generated by org.testng.reporters.JUnitReportReporter -->
<testsuite hostname="VIJAYAKUMAR" failures="0" tests="1" name="testcases.SampleTestCases" time="0.973" errors="0" timestamp="2024-06-10T23:16:09 BST" skipped="0">
  <testcase classname="testcases.SampleTestCases" name="verifySetup" time="0.973"/>
  <system-out/>
</testsuite> <!-- testcases.SampleTestCases -->
