<?xml version="1.0" encoding="UTF-8"?>
<!-- Generated by org.testng.reporters.JUnitReportReporter -->
<testsuite hostname="VIJAYAKUMAR" failures="0" tests="1" name="testcases.SampleTestCases" time="1.900" errors="0" timestamp="2024-05-10T22:33:03 BST" skipped="0">
  <testcase classname="testcases.SampleTestCases" name="verifySetup" time="1.900"/>
  <system-out/>
</testsuite> <!-- testcases.SampleTestCases -->
