<?xml version="1.0" encoding="UTF-8"?>
<!-- Generated by org.testng.reporters.JUnitReportReporter -->
<testsuite hostname="VIJAYAKUMAR" failures="0" tests="3" name="apiTestCases.SampleTestCases" time="4.567" errors="0" timestamp="2024-06-10T23:49:22 BST" skipped="0">
  <testcase classname="apiTestCases.SampleTestCases" name="testPOSTRequest" time="0.980"/>
  <system-out/>
  <testcase classname="apiTestCases.SampleTestCases" name="testGetRequest" time="0.954"/>
  <system-out/>
  <testcase classname="apiTestCases.SampleTestCases" name="testDeleteRequest" time="2.633"/>
  <system-out/>
</testsuite> <!-- apiTestCases.SampleTestCases -->
