<?xml version="1.0" encoding="UTF-8"?>
<!-- Generated by org.testng.reporters.JUnitReportReporter -->
<testsuite hostname="VIJAYAKUMAR" failures="0" tests="1" name="testcases.SampleTestCases" time="4.096" errors="0" timestamp="2024-04-16T02:17:44 BST" skipped="0">
  <testcase classname="testcases.SampleTestCases" name="verifySetup" time="4.096"/>
  <system-out/>
</testsuite> <!-- testcases.SampleTestCases -->
